#-----------------------------------------------------------
# Vivado v2018.2 (64-bit)
# SW Build 2258646 on Thu Jun 14 20:02:38 MDT 2018
# IP Build 2256618 on Thu Jun 14 22:10:49 MDT 2018
# Start of session at: Tue Jan 24 10:57:28 2023
# Process ID: 14285
# Current directory: /nfs/home/t/t_anh/COEN316/Lab1/Code
# Command line: vivado
# Log file: /nfs/home/t/t_anh/COEN316/Lab1/Code/vivado.log
# Journal file: /nfs/home/t/t_anh/COEN316/Lab1/Code/vivado.jou
#-----------------------------------------------------------
start_gui
create_project Lab1 /nfs/home/t/t_anh/COEN316/Lab1/Lab1 -part xc7a100tcsg324-1
INFO: [IP_Flow 19-234] Refreshing IP repositories
INFO: [IP_Flow 19-1704] No user IP repositories specified
INFO: [IP_Flow 19-2313] Loaded Vivado IP repository '/CMC/tools/xilinx/Vivado_2018.2/Vivado/2018.2/data/ip'.
create_project: Time (s): cpu = 00:00:11 ; elapsed = 00:00:12 . Memory (MB): peak = 6271.668 ; gain = 52.707 ; free physical = 11314 ; free virtual = 23490
set_property target_language VHDL [current_project]
set_property simulator_language VHDL [current_project]
add_files -norecurse /nfs/home/t/t_anh/COEN316/Lab1/Code/alu_board.vhd
import_files -force -norecurse
INFO: [filemgmt 20-348] Importing the appropriate files for fileset: 'sources_1'
import_files -fileset constrs_1 -force -norecurse /nfs/home/t/t_anh/COEN316/Lab1/Code/alu.xdc
update_compile_order -fileset sources_1
set_property target_constrs_file /nfs/home/t/t_anh/COEN316/Lab1/Lab1/Lab1.srcs/constrs_1/imports/Code/alu.xdc [current_fileset -constrset]
launch_runs synth_1 -jobs 2
CRITICAL WARNING: [HDL 9-806] Syntax error near "y". [/nfs/home/t/t_anh/COEN316/Lab1/Lab1/Lab1.srcs/sources_1/imports/Code/alu_board.vhd:27]
CRITICAL WARNING: [HDL 9-806] Syntax error near "non-printable character with the hex value '0xe2'". [/nfs/home/t/t_anh/COEN316/Lab1/Lab1/Lab1.srcs/sources_1/imports/Code/alu_board.vhd:29]
[Tue Jan 24 11:02:53 2023] Launched synth_1...
Run output will be captured here: /nfs/home/t/t_anh/COEN316/Lab1/Lab1/Lab1.runs/synth_1/runme.log
reset_run synth_1
launch_runs synth_1 -jobs 2
CRITICAL WARNING: [HDL 9-806] Syntax error near "y". [/nfs/home/t/t_anh/COEN316/Lab1/Lab1/Lab1.srcs/sources_1/imports/Code/alu_board.vhd:27]
CRITICAL WARNING: [HDL 9-806] Syntax error near "non-printable character with the hex value '0xe2'". [/nfs/home/t/t_anh/COEN316/Lab1/Lab1/Lab1.srcs/sources_1/imports/Code/alu_board.vhd:29]
[Tue Jan 24 11:08:34 2023] Launched synth_1...
Run output will be captured here: /nfs/home/t/t_anh/COEN316/Lab1/Lab1/Lab1.runs/synth_1/runme.log
export_ip_user_files -of_objects  [get_files /nfs/home/t/t_anh/COEN316/Lab1/Lab1/Lab1.srcs/sources_1/imports/Code/alu_board.vhd] -no_script -reset -force -quiet
remove_files  /nfs/home/t/t_anh/COEN316/Lab1/Lab1/Lab1.srcs/sources_1/imports/Code/alu_board.vhd
import_files -force -norecurse /nfs/home/t/t_anh/COEN316/Lab1/Code/alu_board.vhd
import_files -force -norecurse /nfs/home/t/t_anh/COEN316/Lab1/Code/alu_board.vhd
import_files -force -norecurse /nfs/home/t/t_anh/COEN316/Lab1/Code/alu_board.vhd
import_files -force -norecurse /nfs/home/t/t_anh/COEN316/Lab1/Code/alu_board.vhd
reset_run synth_1
launch_runs synth_1 -jobs 2
[Tue Jan 24 11:18:25 2023] Launched synth_1...
Run output will be captured here: /nfs/home/t/t_anh/COEN316/Lab1/Lab1/Lab1.runs/synth_1/runme.log
reset_run synth_1
launch_runs synth_1 -jobs 2
[Tue Jan 24 11:27:23 2023] Launched synth_1...
Run output will be captured here: /nfs/home/t/t_anh/COEN316/Lab1/Lab1/Lab1.runs/synth_1/runme.log
launch_runs impl_1 -jobs 2
[Tue Jan 24 11:30:37 2023] Launched impl_1...
Run output will be captured here: /nfs/home/t/t_anh/COEN316/Lab1/Lab1/Lab1.runs/impl_1/runme.log
open_run impl_1
INFO: [Netlist 29-17] Analyzing 13 Unisim elements for replacement
INFO: [Netlist 29-28] Unisim Transformation completed in 0 CPU seconds
INFO: [Project 1-479] Netlist was created with Vivado 2018.2
INFO: [Device 21-403] Loading part xc7a100tcsg324-1
INFO: [Project 1-570] Preparing netlist for logic optimization
Reading XDEF placement.
Reading placer database...
Reading XDEF routing.
Read XDEF File: Time (s): cpu = 00:00:00.01 ; elapsed = 00:00:00.01 . Memory (MB): peak = 6724.605 ; gain = 1.000 ; free physical = 10973 ; free virtual = 23215
Restored from archive | CPU: 0.010000 secs | Memory: 0.051971 MB |
Finished XDEF File Restore: Time (s): cpu = 00:00:00.01 ; elapsed = 00:00:00.01 . Memory (MB): peak = 6724.605 ; gain = 1.000 ; free physical = 10973 ; free virtual = 23215
INFO: [Project 1-111] Unisim Transformation Summary:
No Unisim elements were transformed.

open_run: Time (s): cpu = 00:00:14 ; elapsed = 00:00:33 . Memory (MB): peak = 6880.078 ; gain = 366.246 ; free physical = 10979 ; free virtual = 23206
WARNING: [Timing 38-313] There are no user specified timing constraints. Timing constraints are needed for proper timing analysis.
exit
INFO: [Common 17-206] Exiting Vivado at Tue Jan 24 11:35:14 2023...
